T-Spice - Tanner SPICE
Version 16.01
Network license
Product Release ID: T-Spice Win64 16.01.20130407.21:15:40
Copyright © 1988-2013 Tanner EDA

	Parsing "D:\Biblioteca\Documentos\Git\t2_cci\full_adder.sp"
	Including "D:\Biblioteca\Documentos\Git\t2_cci\NMOS_VTG.inc"
	Including "D:\Biblioteca\Documentos\Git\t2_cci\PMOS_VTG.inc"

Start of full_adder.sp
Loaded BSIM4v450 model library, Berkeley BSIM4 v4.5.0

	Opening simulation database "D:\Biblioteca\Documentos\Git\t2_cci\full_adder.tsim"

General options:
        threads = 1

 Device and node counts:
              MOSFETs -      80
    MOSFET geometries -       2
      Voltage sources -       2
          Subcircuits -       4
    Model Definitions -       2
      Computed Models -       2
    Independent nodes -     364
       Boundary nodes -       3
          Total nodes -     367

Measure information will be written to file "D:\Biblioteca\Documentos\Git\t2_cci\full_adder\full_adder.measure"

Measurement result summary
   pHL_s0          =    2.2075n      
   pLH_s0          =   -1.9882n      
   pHL_s1          =    2.2401n      
   pLH_s1          =   54.1999p      
   consumoCaso1_HL = -114.4294u      
   consumoCaso1_LH =   -4.1311u      

Parsing                      0.00 seconds
Setup                        0.02 seconds
DC operating point           0.07 seconds
Transient Analysis           4.76 seconds
Overhead                     0.19 seconds
-----------------------------------------
Total                        5.05 seconds

Simulation completed